[PREINITIALIZATION][SERVER][INFO] Thank you to the Patreon supporters below and others who make CraftTweaker possible!
Belathus
NickT
Lucas
Jordan Pineo
Pongo Sapiens
Genryu
embeddedt
NerdyWhiteGuy
Jellycraft
Jonathan McManus
Peregrinus11
Spencer Gilbert
Zuniroa
DreamThorn
Hooley
Ncc1702
Quaternary
Ivy_
Phillip Swearingain
Jessie Sims
If you want to support the mod, checkout https://patreon.com/jaredlll08?s=crtmod

[PREINITIALIZATION][SERVER][INFO] Current loaders after merging: [[preinit]]
[PREINITIALIZATION][SERVER][INFO] Loading scripts for loader with names [preinit]
[PREINITIALIZATION][SERVER][INFO] Completed script loading in: 1ms
[PREINITIALIZATION][SERVER][INFO] Current loaders after merging: [[preinit], [contenttweaker]]
[PREINITIALIZATION][SERVER][INFO] Loading scripts for loader with names [contenttweaker]
[PREINITIALIZATION][SERVER][INFO] Completed script loading in: 0ms
